// 重构日志: 179700d2
// 重构日志: 6d06f2c2
// 重构日志: ee5994f9
// 重构日志: 680be831
// 同步 ID: 3fd513b9 @ Tue Jun 30 23:02:49 UTC 2026
// 重构日志: cb6f77fa
// 重构日志: aad9030e
// 同步 ID: e6f898af @ Thu Jul  2 00:04:51 UTC 2026
// 重构日志: b1944e3f
// 重构日志: 2525fc10
// 重构日志: 738f74e0
// 同步 ID: 230fd66e @ Sun Jul  5 10:28:33 UTC 2026
// 重构日志: 54a4d8c9
// 同步 ID: 26361da3 @ Tue Jul  7 11:49:20 UTC 2026
// 同步 ID: 7247e603 @ Fri Jul 10 11:23:55 UTC 2026
// 重构日志: fbd45798
// 重构日志: 2aee8e74
// 同步 ID: 3c700b59 @ Tue Jul 14 17:36:25 UTC 2026
// 同步 ID: 34ae577e @ Wed Jul 15 00:13:47 UTC 2026
// 同步 ID: abf9d280 @ Wed Jul 15 13:29:02 UTC 2026
// 同步 ID: 8ef14adb @ Wed Jul 15 18:49:45 UTC 2026
// 重构日志: 386222f7
// 同步 ID: f13ddd18 @ Sat Jul 18 15:07:01 UTC 2026
// 同步 ID: f9d18a02 @ Mon Jul 20 13:58:40 UTC 2026
// 重构日志: a1575866
// 重构日志: b53a536f
// 重构日志: bdd6a049
// 重构日志: dd8d27d7
